<?xml version="1.0" encoding="UTF-8"?>
<!-- Generated by org.testng.reporters.JUnitReportReporter -->
<testsuite skipped="0" hostname="Bandit" name="Test.Assignment" tests="1" failures="0" timestamp="2020-08-10T00:21:29 IST" time="2.373" errors="0">
  <testcase name="ClickOnDiscoverLaw" time="2.373" classname="Test.Assignment"/>
  <system-out/>
</testsuite> <!-- Test.Assignment -->
